<?xml version="1.0" encoding="UTF-8"?>
<testng-results ignored="0" total="1" passed="1" failed="0" skipped="0">
  <reporter-output>
  </reporter-output>
  <suite started-at="2023-06-26T16:30:34 IST" name="Default suite" finished-at="2023-06-26T16:30:34 IST" duration-ms="64">
    <groups>
    </groups>
    <test started-at="2023-06-26T16:30:34 IST" name="Default test" finished-at="2023-06-26T16:30:34 IST" duration-ms="64">
      <class name="beforframwork.PS1">
        <test-method is-config="true" signature="beforerun()[pri:0, instance:beforframwork.PS1@e1de817]" started-at="2023-06-26T16:30:34 IST" name="beforerun" finished-at="2023-06-26T16:30:34 IST" duration-ms="8" status="PASS">
          <reporter-output>
          </reporter-output>
        </test-method> <!-- beforerun -->
        <test-method signature="testtrun()[pri:0, instance:beforframwork.PS1@e1de817]" started-at="2023-06-26T16:30:34 IST" name="testtrun" finished-at="2023-06-26T16:30:34 IST" duration-ms="7" status="PASS">
          <reporter-output>
          </reporter-output>
        </test-method> <!-- testtrun -->
        <test-method is-config="true" signature="afterrun()[pri:0, instance:beforframwork.PS1@e1de817]" started-at="2023-06-26T16:30:34 IST" name="afterrun" finished-at="2023-06-26T16:30:34 IST" duration-ms="1" status="PASS">
          <reporter-output>
          </reporter-output>
        </test-method> <!-- afterrun -->
      </class> <!-- beforframwork.PS1 -->
    </test> <!-- Default test -->
  </suite> <!-- Default suite -->
</testng-results>
